[0.272s] DEBUG:colcon:Command line arguments: ['/usr/bin/colcon', 'build']
[0.273s] DEBUG:colcon:Parsed command line arguments: Namespace(log_base=None, log_level=None, verb_name='build', build_base='build', install_base='install', merge_install=False, symlink_install=False, test_result_base=None, continue_on_error=False, executor='parallel', parallel_workers=4, event_handlers=None, ignore_user_meta=False, metas=['./colcon.meta'], base_paths=['.'], packages_ignore=None, packages_ignore_regex=None, paths=None, packages_up_to=None, packages_up_to_regex=None, packages_above=None, packages_above_and_dependencies=None, packages_above_depth=None, packages_select_by_dep=None, packages_skip_by_dep=None, packages_skip_up_to=None, packages_select_build_failed=False, packages_skip_build_finished=False, packages_select_test_failures=False, packages_skip_test_passed=False, packages_select=None, packages_skip=None, packages_select_regex=None, packages_skip_regex=None, packages_start=None, packages_end=None, cmake_args=None, cmake_target=None, cmake_target_skip_unavailable=False, cmake_clean_cache=False, cmake_clean_first=False, cmake_force_configure=False, ament_cmake_args=None, catkin_cmake_args=None, catkin_skip_building_tests=False, mixin_files=None, mixin=None, verb_parser=<colcon_mixin.mixin.mixin_argument.MixinArgumentDecorator object at 0x78a83ac65640>, verb_extension=<colcon_core.verb.build.BuildVerb object at 0x78a83ad7de80>, main=<bound method BuildVerb.main of <colcon_core.verb.build.BuildVerb object at 0x78a83ad7de80>>, mixin_verb=('build',))
[0.423s] Level 1:colcon.colcon_core.package_discovery:discover_packages(colcon_meta) check parameters
[0.425s] INFO:colcon.colcon_metadata.package_discovery.colcon_meta:Using configuration from '/root/.colcon/metadata/default/Gazebo.meta'
[0.426s] INFO:colcon.colcon_metadata.package_discovery.colcon_meta:Using configuration from '/root/.colcon/metadata/default/fastrtps.meta'
[0.427s] Level 1:colcon.colcon_core.package_discovery:discover_packages(recursive) check parameters
[0.427s] Level 1:colcon.colcon_core.package_discovery:discover_packages(ignore) check parameters
[0.427s] Level 1:colcon.colcon_core.package_discovery:discover_packages(path) check parameters
[0.427s] Level 1:colcon.colcon_core.package_discovery:discover_packages(colcon_meta) discover
[0.427s] Level 1:colcon.colcon_core.package_discovery:discover_packages(recursive) discover
[0.427s] INFO:colcon.colcon_core.package_discovery:Crawling recursively for packages in '/root/ros2_ws'
[0.427s] Level 1:colcon.colcon_core.package_identification:_identify(.) by extensions ['ignore', 'ignore_ament_install']
[0.428s] Level 1:colcon.colcon_core.package_identification:_identify(.) by extension 'ignore'
[0.428s] Level 1:colcon.colcon_core.package_identification:_identify(.) by extension 'ignore_ament_install'
[0.428s] Level 1:colcon.colcon_core.package_identification:_identify(.) by extensions ['colcon_pkg']
[0.428s] Level 1:colcon.colcon_core.package_identification:_identify(.) by extension 'colcon_pkg'
[0.428s] Level 1:colcon.colcon_core.package_identification:_identify(.) by extensions ['colcon_meta']
[0.428s] Level 1:colcon.colcon_core.package_identification:_identify(.) by extension 'colcon_meta'
[0.428s] Level 1:colcon.colcon_core.package_identification:_identify(.) by extensions ['ros']
[0.428s] Level 1:colcon.colcon_core.package_identification:_identify(.) by extension 'ros'
[0.479s] Level 1:colcon.colcon_core.package_identification:_identify(.) by extensions ['cmake', 'python']
[0.479s] Level 1:colcon.colcon_core.package_identification:_identify(.) by extension 'cmake'
[0.479s] Level 1:colcon.colcon_core.package_identification:_identify(.) by extension 'python'
[0.479s] Level 1:colcon.colcon_core.package_identification:_identify(.) by extensions ['python_setup_py']
[0.479s] Level 1:colcon.colcon_core.package_identification:_identify(.) by extension 'python_setup_py'
[0.480s] Level 1:colcon.colcon_core.package_identification:_identify(build) by extensions ['ignore', 'ignore_ament_install']
[0.480s] Level 1:colcon.colcon_core.package_identification:_identify(build) by extension 'ignore'
[0.480s] Level 1:colcon.colcon_core.package_identification:_identify(build) ignored
[0.481s] Level 1:colcon.colcon_core.package_identification:_identify(install) by extensions ['ignore', 'ignore_ament_install']
[0.482s] Level 1:colcon.colcon_core.package_identification:_identify(install) by extension 'ignore'
[0.482s] Level 1:colcon.colcon_core.package_identification:_identify(install) ignored
[0.483s] Level 1:colcon.colcon_core.package_identification:_identify(log) by extensions ['ignore', 'ignore_ament_install']
[0.483s] Level 1:colcon.colcon_core.package_identification:_identify(log) by extension 'ignore'
[0.483s] Level 1:colcon.colcon_core.package_identification:_identify(log) ignored
[0.483s] Level 1:colcon.colcon_core.package_identification:_identify(src) by extensions ['ignore', 'ignore_ament_install']
[0.483s] Level 1:colcon.colcon_core.package_identification:_identify(src) by extension 'ignore'
[0.484s] Level 1:colcon.colcon_core.package_identification:_identify(src) by extension 'ignore_ament_install'
[0.484s] Level 1:colcon.colcon_core.package_identification:_identify(src) by extensions ['colcon_pkg']
[0.484s] Level 1:colcon.colcon_core.package_identification:_identify(src) by extension 'colcon_pkg'
[0.484s] Level 1:colcon.colcon_core.package_identification:_identify(src) by extensions ['colcon_meta']
[0.484s] Level 1:colcon.colcon_core.package_identification:_identify(src) by extension 'colcon_meta'
[0.484s] Level 1:colcon.colcon_core.package_identification:_identify(src) by extensions ['ros']
[0.484s] Level 1:colcon.colcon_core.package_identification:_identify(src) by extension 'ros'
[0.484s] Level 1:colcon.colcon_core.package_identification:_identify(src) by extensions ['cmake', 'python']
[0.484s] Level 1:colcon.colcon_core.package_identification:_identify(src) by extension 'cmake'
[0.485s] Level 1:colcon.colcon_core.package_identification:_identify(src) by extension 'python'
[0.485s] Level 1:colcon.colcon_core.package_identification:_identify(src) by extensions ['python_setup_py']
[0.485s] Level 1:colcon.colcon_core.package_identification:_identify(src) by extension 'python_setup_py'
[0.485s] Level 1:colcon.colcon_core.package_identification:_identify(src/scripts) by extensions ['ignore', 'ignore_ament_install']
[0.485s] Level 1:colcon.colcon_core.package_identification:_identify(src/scripts) by extension 'ignore'
[0.485s] Level 1:colcon.colcon_core.package_identification:_identify(src/scripts) by extension 'ignore_ament_install'
[0.485s] Level 1:colcon.colcon_core.package_identification:_identify(src/scripts) by extensions ['colcon_pkg']
[0.486s] Level 1:colcon.colcon_core.package_identification:_identify(src/scripts) by extension 'colcon_pkg'
[0.486s] Level 1:colcon.colcon_core.package_identification:_identify(src/scripts) by extensions ['colcon_meta']
[0.486s] Level 1:colcon.colcon_core.package_identification:_identify(src/scripts) by extension 'colcon_meta'
[0.486s] Level 1:colcon.colcon_core.package_identification:_identify(src/scripts) by extensions ['ros']
[0.486s] Level 1:colcon.colcon_core.package_identification:_identify(src/scripts) by extension 'ros'
[0.486s] Level 1:colcon.colcon_core.package_identification:_identify(src/scripts) by extensions ['cmake', 'python']
[0.486s] Level 1:colcon.colcon_core.package_identification:_identify(src/scripts) by extension 'cmake'
[0.486s] Level 1:colcon.colcon_core.package_identification:_identify(src/scripts) by extension 'python'
[0.487s] Level 1:colcon.colcon_core.package_identification:_identify(src/scripts) by extensions ['python_setup_py']
[0.487s] Level 1:colcon.colcon_core.package_identification:_identify(src/scripts) by extension 'python_setup_py'
[0.487s] Level 1:colcon.colcon_core.package_identification:_identify(src/scripts/self-driving-sim) by extensions ['ignore', 'ignore_ament_install']
[0.487s] Level 1:colcon.colcon_core.package_identification:_identify(src/scripts/self-driving-sim) by extension 'ignore'
[0.487s] Level 1:colcon.colcon_core.package_identification:_identify(src/scripts/self-driving-sim) by extension 'ignore_ament_install'
[0.487s] Level 1:colcon.colcon_core.package_identification:_identify(src/scripts/self-driving-sim) by extensions ['colcon_pkg']
[0.488s] Level 1:colcon.colcon_core.package_identification:_identify(src/scripts/self-driving-sim) by extension 'colcon_pkg'
[0.488s] Level 1:colcon.colcon_core.package_identification:_identify(src/scripts/self-driving-sim) by extensions ['colcon_meta']
[0.488s] Level 1:colcon.colcon_core.package_identification:_identify(src/scripts/self-driving-sim) by extension 'colcon_meta'
[0.488s] Level 1:colcon.colcon_core.package_identification:_identify(src/scripts/self-driving-sim) by extensions ['ros']
[0.488s] Level 1:colcon.colcon_core.package_identification:_identify(src/scripts/self-driving-sim) by extension 'ros'
[0.489s] Level 1:colcon.colcon_core.package_identification:_identify(src/scripts/self-driving-sim) by extensions ['cmake', 'python']
[0.489s] Level 1:colcon.colcon_core.package_identification:_identify(src/scripts/self-driving-sim) by extension 'cmake'
[0.489s] Level 1:colcon.colcon_core.package_identification:_identify(src/scripts/self-driving-sim) by extension 'python'
[0.489s] Level 1:colcon.colcon_core.package_identification:_identify(src/scripts/self-driving-sim) by extensions ['python_setup_py']
[0.490s] Level 1:colcon.colcon_core.package_identification:_identify(src/scripts/self-driving-sim) by extension 'python_setup_py'
[0.490s] Level 1:colcon.colcon_core.package_identification:_identify(src/scripts/self-driving-sim/__pycache__) by extensions ['ignore', 'ignore_ament_install']
[0.490s] Level 1:colcon.colcon_core.package_identification:_identify(src/scripts/self-driving-sim/__pycache__) by extension 'ignore'
[0.490s] Level 1:colcon.colcon_core.package_identification:_identify(src/scripts/self-driving-sim/__pycache__) by extension 'ignore_ament_install'
[0.490s] Level 1:colcon.colcon_core.package_identification:_identify(src/scripts/self-driving-sim/__pycache__) by extensions ['colcon_pkg']
[0.490s] Level 1:colcon.colcon_core.package_identification:_identify(src/scripts/self-driving-sim/__pycache__) by extension 'colcon_pkg'
[0.490s] Level 1:colcon.colcon_core.package_identification:_identify(src/scripts/self-driving-sim/__pycache__) by extensions ['colcon_meta']
[0.491s] Level 1:colcon.colcon_core.package_identification:_identify(src/scripts/self-driving-sim/__pycache__) by extension 'colcon_meta'
[0.491s] Level 1:colcon.colcon_core.package_identification:_identify(src/scripts/self-driving-sim/__pycache__) by extensions ['ros']
[0.491s] Level 1:colcon.colcon_core.package_identification:_identify(src/scripts/self-driving-sim/__pycache__) by extension 'ros'
[0.491s] Level 1:colcon.colcon_core.package_identification:_identify(src/scripts/self-driving-sim/__pycache__) by extensions ['cmake', 'python']
[0.491s] Level 1:colcon.colcon_core.package_identification:_identify(src/scripts/self-driving-sim/__pycache__) by extension 'cmake'
[0.491s] Level 1:colcon.colcon_core.package_identification:_identify(src/scripts/self-driving-sim/__pycache__) by extension 'python'
[0.491s] Level 1:colcon.colcon_core.package_identification:_identify(src/scripts/self-driving-sim/__pycache__) by extensions ['python_setup_py']
[0.491s] Level 1:colcon.colcon_core.package_identification:_identify(src/scripts/self-driving-sim/__pycache__) by extension 'python_setup_py'
[0.492s] Level 1:colcon.colcon_core.package_identification:_identify(src/scripts/self-driving-sim/surr_vehicles_config) by extensions ['ignore', 'ignore_ament_install']
[0.492s] Level 1:colcon.colcon_core.package_identification:_identify(src/scripts/self-driving-sim/surr_vehicles_config) by extension 'ignore'
[0.492s] Level 1:colcon.colcon_core.package_identification:_identify(src/scripts/self-driving-sim/surr_vehicles_config) by extension 'ignore_ament_install'
[0.492s] Level 1:colcon.colcon_core.package_identification:_identify(src/scripts/self-driving-sim/surr_vehicles_config) by extensions ['colcon_pkg']
[0.492s] Level 1:colcon.colcon_core.package_identification:_identify(src/scripts/self-driving-sim/surr_vehicles_config) by extension 'colcon_pkg'
[0.492s] Level 1:colcon.colcon_core.package_identification:_identify(src/scripts/self-driving-sim/surr_vehicles_config) by extensions ['colcon_meta']
[0.492s] Level 1:colcon.colcon_core.package_identification:_identify(src/scripts/self-driving-sim/surr_vehicles_config) by extension 'colcon_meta'
[0.493s] Level 1:colcon.colcon_core.package_identification:_identify(src/scripts/self-driving-sim/surr_vehicles_config) by extensions ['ros']
[0.493s] Level 1:colcon.colcon_core.package_identification:_identify(src/scripts/self-driving-sim/surr_vehicles_config) by extension 'ros'
[0.493s] Level 1:colcon.colcon_core.package_identification:_identify(src/scripts/self-driving-sim/surr_vehicles_config) by extensions ['cmake', 'python']
[0.493s] Level 1:colcon.colcon_core.package_identification:_identify(src/scripts/self-driving-sim/surr_vehicles_config) by extension 'cmake'
[0.493s] Level 1:colcon.colcon_core.package_identification:_identify(src/scripts/self-driving-sim/surr_vehicles_config) by extension 'python'
[0.493s] Level 1:colcon.colcon_core.package_identification:_identify(src/scripts/self-driving-sim/surr_vehicles_config) by extensions ['python_setup_py']
[0.493s] Level 1:colcon.colcon_core.package_identification:_identify(src/scripts/self-driving-sim/surr_vehicles_config) by extension 'python_setup_py'
[0.494s] Level 1:colcon.colcon_core.package_identification:_identify(src/self-driving-sim) by extensions ['ignore', 'ignore_ament_install']
[0.494s] Level 1:colcon.colcon_core.package_identification:_identify(src/self-driving-sim) by extension 'ignore'
[0.494s] Level 1:colcon.colcon_core.package_identification:_identify(src/self-driving-sim) by extension 'ignore_ament_install'
[0.494s] Level 1:colcon.colcon_core.package_identification:_identify(src/self-driving-sim) by extensions ['colcon_pkg']
[0.494s] Level 1:colcon.colcon_core.package_identification:_identify(src/self-driving-sim) by extension 'colcon_pkg'
[0.494s] Level 1:colcon.colcon_core.package_identification:_identify(src/self-driving-sim) by extensions ['colcon_meta']
[0.494s] Level 1:colcon.colcon_core.package_identification:_identify(src/self-driving-sim) by extension 'colcon_meta'
[0.494s] Level 1:colcon.colcon_core.package_identification:_identify(src/self-driving-sim) by extensions ['ros']
[0.495s] Level 1:colcon.colcon_core.package_identification:_identify(src/self-driving-sim) by extension 'ros'
[0.503s] DEBUG:colcon.colcon_core.package_identification:Package 'src/self-driving-sim' with type 'ros.ament_python' and name 'self-driving-sim'
[0.503s] Level 1:colcon.colcon_core.package_discovery:discover_packages(recursive) using defaults
[0.503s] Level 1:colcon.colcon_core.package_discovery:discover_packages(ignore) discover
[0.503s] Level 1:colcon.colcon_core.package_discovery:discover_packages(ignore) using defaults
[0.503s] Level 1:colcon.colcon_core.package_discovery:discover_packages(path) discover
[0.503s] Level 1:colcon.colcon_core.package_discovery:discover_packages(path) using defaults
[0.554s] Level 5:colcon.colcon_core.verb:set package 'self-driving-sim' build argument 'cmake_args' from command line to 'None'
[0.554s] Level 5:colcon.colcon_core.verb:set package 'self-driving-sim' build argument 'cmake_target' from command line to 'None'
[0.554s] Level 5:colcon.colcon_core.verb:set package 'self-driving-sim' build argument 'cmake_target_skip_unavailable' from command line to 'False'
[0.554s] Level 5:colcon.colcon_core.verb:set package 'self-driving-sim' build argument 'cmake_clean_cache' from command line to 'False'
[0.554s] Level 5:colcon.colcon_core.verb:set package 'self-driving-sim' build argument 'cmake_clean_first' from command line to 'False'
[0.554s] Level 5:colcon.colcon_core.verb:set package 'self-driving-sim' build argument 'cmake_force_configure' from command line to 'False'
[0.554s] Level 5:colcon.colcon_core.verb:set package 'self-driving-sim' build argument 'ament_cmake_args' from command line to 'None'
[0.554s] Level 5:colcon.colcon_core.verb:set package 'self-driving-sim' build argument 'catkin_cmake_args' from command line to 'None'
[0.554s] Level 5:colcon.colcon_core.verb:set package 'self-driving-sim' build argument 'catkin_skip_building_tests' from command line to 'False'
[0.554s] DEBUG:colcon.colcon_core.verb:Building package 'self-driving-sim' with the following arguments: {'ament_cmake_args': None, 'build_base': '/root/ros2_ws/build/self-driving-sim', 'catkin_cmake_args': None, 'catkin_skip_building_tests': False, 'cmake_args': None, 'cmake_clean_cache': False, 'cmake_clean_first': False, 'cmake_force_configure': False, 'cmake_target': None, 'cmake_target_skip_unavailable': False, 'install_base': '/root/ros2_ws/install/self-driving-sim', 'merge_install': False, 'path': '/root/ros2_ws/src/self-driving-sim', 'symlink_install': False, 'test_result_base': None}
[0.554s] INFO:colcon.colcon_core.executor:Executing jobs using 'parallel' executor
[0.557s] DEBUG:colcon.colcon_parallel_executor.executor.parallel:run_until_complete
[0.557s] INFO:colcon.colcon_ros.task.ament_python.build:Building ROS package in '/root/ros2_ws/src/self-driving-sim' with build type 'ament_python'
[0.557s] Level 1:colcon.colcon_core.shell:create_environment_hook('self-driving-sim', 'ament_prefix_path')
[0.568s] INFO:colcon.colcon_core.plugin_system:Skipping extension 'colcon_core.shell.bat': Not used on non-Windows systems
[0.569s] INFO:colcon.colcon_core.shell:Creating environment hook '/root/ros2_ws/install/self-driving-sim/share/self-driving-sim/hook/ament_prefix_path.ps1'
[0.573s] INFO:colcon.colcon_core.shell:Creating environment descriptor '/root/ros2_ws/install/self-driving-sim/share/self-driving-sim/hook/ament_prefix_path.dsv'
[0.575s] INFO:colcon.colcon_core.shell:Creating environment hook '/root/ros2_ws/install/self-driving-sim/share/self-driving-sim/hook/ament_prefix_path.sh'
[0.578s] INFO:colcon.colcon_core.shell:Skip shell extension 'powershell' for command environment: Not usable outside of PowerShell
[0.578s] DEBUG:colcon.colcon_core.shell:Skip shell extension 'dsv' for command environment
[1.025s] INFO:colcon.colcon_core.task.python.build:Building Python package in '/root/ros2_ws/src/self-driving-sim'
[1.025s] INFO:colcon.colcon_core.shell:Skip shell extension 'powershell' for command environment: Not usable outside of PowerShell
[1.026s] DEBUG:colcon.colcon_core.shell:Skip shell extension 'dsv' for command environment
[1.880s] DEBUG:colcon.colcon_core.event_handler.log_command:Invoking command in '/root/ros2_ws/src/self-driving-sim': PYTHONPATH=/root/ros2_ws/build/self-driving-sim/prefix_override:/usr/lib/python3/dist-packages/colcon_core/task/python/colcon_distutils_commands:/root/ros2_ws/install/self-driving-sim/lib/python3.12/site-packages:${PYTHONPATH} /usr/bin/python3 -W ignore:setup.py install is deprecated -W ignore:easy_install command is deprecated setup.py egg_info --egg-base ../../build/self-driving-sim build --build-base /root/ros2_ws/build/self-driving-sim/build install --record /root/ros2_ws/build/self-driving-sim/install.log --single-version-externally-managed install_data
[2.851s] DEBUG:colcon.colcon_core.event_handler.log_command:Invoked command in '/root/ros2_ws/src/self-driving-sim' returned '0': PYTHONPATH=/root/ros2_ws/build/self-driving-sim/prefix_override:/usr/lib/python3/dist-packages/colcon_core/task/python/colcon_distutils_commands:/root/ros2_ws/install/self-driving-sim/lib/python3.12/site-packages:${PYTHONPATH} /usr/bin/python3 -W ignore:setup.py install is deprecated -W ignore:easy_install command is deprecated setup.py egg_info --egg-base ../../build/self-driving-sim build --build-base /root/ros2_ws/build/self-driving-sim/build install --record /root/ros2_ws/build/self-driving-sim/install.log --single-version-externally-managed install_data
[2.867s] Level 1:colcon.colcon_core.environment:checking '/root/ros2_ws/install/self-driving-sim' for CMake module files
[2.868s] Level 1:colcon.colcon_core.environment:checking '/root/ros2_ws/install/self-driving-sim' for CMake config files
[2.871s] Level 1:colcon.colcon_core.environment:checking '/root/ros2_ws/install/self-driving-sim/lib'
[2.871s] Level 1:colcon.colcon_core.environment:checking '/root/ros2_ws/install/self-driving-sim/bin'
[2.871s] Level 1:colcon.colcon_core.environment:checking '/root/ros2_ws/install/self-driving-sim/lib/pkgconfig/self-driving-sim.pc'
[2.872s] Level 1:colcon.colcon_core.environment:checking '/root/ros2_ws/install/self-driving-sim/lib/python3.12/site-packages'
[2.872s] Level 1:colcon.colcon_core.shell:create_environment_hook('self-driving-sim', 'pythonpath')
[2.873s] INFO:colcon.colcon_core.shell:Creating environment hook '/root/ros2_ws/install/self-driving-sim/share/self-driving-sim/hook/pythonpath.ps1'
[2.874s] INFO:colcon.colcon_core.shell:Creating environment descriptor '/root/ros2_ws/install/self-driving-sim/share/self-driving-sim/hook/pythonpath.dsv'
[2.875s] INFO:colcon.colcon_core.shell:Creating environment hook '/root/ros2_ws/install/self-driving-sim/share/self-driving-sim/hook/pythonpath.sh'
[2.876s] Level 1:colcon.colcon_core.environment:checking '/root/ros2_ws/install/self-driving-sim/bin'
[2.876s] Level 1:colcon.colcon_core.environment:create_environment_scripts_only(self-driving-sim)
[2.877s] INFO:colcon.colcon_core.shell:Creating package script '/root/ros2_ws/install/self-driving-sim/share/self-driving-sim/package.ps1'
[2.879s] INFO:colcon.colcon_core.shell:Creating package descriptor '/root/ros2_ws/install/self-driving-sim/share/self-driving-sim/package.dsv'
[2.880s] INFO:colcon.colcon_core.shell:Creating package script '/root/ros2_ws/install/self-driving-sim/share/self-driving-sim/package.sh'
[2.883s] INFO:colcon.colcon_core.shell:Creating package script '/root/ros2_ws/install/self-driving-sim/share/self-driving-sim/package.bash'
[2.887s] INFO:colcon.colcon_core.shell:Creating package script '/root/ros2_ws/install/self-driving-sim/share/self-driving-sim/package.zsh'
[2.889s] Level 1:colcon.colcon_core.environment:create_file_with_runtime_dependencies(/root/ros2_ws/install/self-driving-sim/share/colcon-core/packages/self-driving-sim)
[2.890s] DEBUG:colcon.colcon_parallel_executor.executor.parallel:closing loop
[2.890s] DEBUG:colcon.colcon_parallel_executor.executor.parallel:loop closed
[2.891s] DEBUG:colcon.colcon_parallel_executor.executor.parallel:run_until_complete finished with '0'
[2.891s] DEBUG:colcon.colcon_core.event_reactor:joining thread
[2.942s] INFO:colcon.colcon_core.plugin_system:Skipping extension 'colcon_notification.desktop_notification.notify_send': Could not find 'notify-send'
[2.943s] INFO:colcon.colcon_core.plugin_system:Skipping extension 'colcon_notification.desktop_notification.terminal_notifier': Not used on non-Darwin systems
[2.943s] INFO:colcon.colcon_core.plugin_system:Skipping extension 'colcon_notification.desktop_notification.win32': Not used on non-Windows systems
[2.943s] INFO:colcon.colcon_notification.desktop_notification:Sending desktop notification using 'notify2'
[2.962s] DEBUG:colcon.colcon_notification.desktop_notification.notify2:Failed to initialize notify2: org.freedesktop.DBus.Error.InvalidFileContent: D-Bus library appears to be incorrectly set up: see the manual page for dbus-uuidgen to correct this issue. (Failed to open "/var/lib/dbus/machine-id": No such file or directory; UUID file '/etc/machine-id' should contain a hex string of length 32, not length 0, with no other text)
[2.962s] DEBUG:colcon.colcon_core.event_reactor:joined thread
[2.964s] INFO:colcon.colcon_core.shell:Creating prefix script '/root/ros2_ws/install/local_setup.ps1'
[2.977s] INFO:colcon.colcon_core.shell:Creating prefix util module '/root/ros2_ws/install/_local_setup_util_ps1.py'
[2.984s] INFO:colcon.colcon_core.shell:Creating prefix chain script '/root/ros2_ws/install/setup.ps1'
[2.988s] INFO:colcon.colcon_core.shell:Creating prefix script '/root/ros2_ws/install/local_setup.sh'
[2.991s] INFO:colcon.colcon_core.shell:Creating prefix util module '/root/ros2_ws/install/_local_setup_util_sh.py'
[2.993s] INFO:colcon.colcon_core.shell:Creating prefix chain script '/root/ros2_ws/install/setup.sh'
[2.995s] INFO:colcon.colcon_core.shell:Creating prefix script '/root/ros2_ws/install/local_setup.bash'
[2.998s] INFO:colcon.colcon_core.shell:Creating prefix chain script '/root/ros2_ws/install/setup.bash'
[3.001s] INFO:colcon.colcon_core.shell:Creating prefix script '/root/ros2_ws/install/local_setup.zsh'
[3.003s] INFO:colcon.colcon_core.shell:Creating prefix chain script '/root/ros2_ws/install/setup.zsh'
