[1.321s] Invoking command in '/root/ros2_ws/src/self-driving-sim': PYTHONPATH=/root/ros2_ws/build/self-driving-sim/prefix_override:/usr/lib/python3/dist-packages/colcon_core/task/python/colcon_distutils_commands:/root/ros2_ws/install/self-driving-sim/lib/python3.12/site-packages:${PYTHONPATH} /usr/bin/python3 -W ignore:setup.py install is deprecated -W ignore:easy_install command is deprecated setup.py egg_info --egg-base ../../build/self-driving-sim build --build-base /root/ros2_ws/build/self-driving-sim/build install --record /root/ros2_ws/build/self-driving-sim/install.log --single-version-externally-managed install_data
[1.589s] /usr/local/lib/python3.12/dist-packages/setuptools/_distutils/dist.py:289: UserWarning: Unknown distribution option: 'tests_require'
[1.589s]   warnings.warn(msg)
[1.762s] running egg_info
[1.792s] creating ../../build/self-driving-sim/self_driving_sim.egg-info
[1.794s] writing ../../build/self-driving-sim/self_driving_sim.egg-info/PKG-INFO
[1.795s] writing dependency_links to ../../build/self-driving-sim/self_driving_sim.egg-info/dependency_links.txt
[1.796s] writing requirements to ../../build/self-driving-sim/self_driving_sim.egg-info/requires.txt
[1.797s] writing top-level names to ../../build/self-driving-sim/self_driving_sim.egg-info/top_level.txt
[1.797s] writing manifest file '../../build/self-driving-sim/self_driving_sim.egg-info/SOURCES.txt'
[1.882s] reading manifest file '../../build/self-driving-sim/self_driving_sim.egg-info/SOURCES.txt'
[1.882s] adding license file 'LICENSE'
[1.884s] writing manifest file '../../build/self-driving-sim/self_driving_sim.egg-info/SOURCES.txt'
[1.884s] running build
[1.884s] running build_py
[1.884s] creating /root/ros2_ws/build/self-driving-sim/build/lib/self-driving-sim
[1.885s] copying self-driving-sim/__init__.py -> /root/ros2_ws/build/self-driving-sim/build/lib/self-driving-sim
[1.885s] copying self-driving-sim/dynamics.py -> /root/ros2_ws/build/self-driving-sim/build/lib/self-driving-sim
[1.885s] copying self-driving-sim/config.py -> /root/ros2_ws/build/self-driving-sim/build/lib/self-driving-sim
[1.885s] copying self-driving-sim/simulator.py -> /root/ros2_ws/build/self-driving-sim/build/lib/self-driving-sim
[1.887s] running install
[1.904s] running install_lib
[1.942s] creating /root/ros2_ws/install/self-driving-sim/lib/python3.12/site-packages/self-driving-sim
[1.945s] copying /root/ros2_ws/build/self-driving-sim/build/lib/self-driving-sim/__init__.py -> /root/ros2_ws/install/self-driving-sim/lib/python3.12/site-packages/self-driving-sim
[1.945s] copying /root/ros2_ws/build/self-driving-sim/build/lib/self-driving-sim/dynamics.py -> /root/ros2_ws/install/self-driving-sim/lib/python3.12/site-packages/self-driving-sim
[1.946s] copying /root/ros2_ws/build/self-driving-sim/build/lib/self-driving-sim/config.py -> /root/ros2_ws/install/self-driving-sim/lib/python3.12/site-packages/self-driving-sim
[1.947s] copying /root/ros2_ws/build/self-driving-sim/build/lib/self-driving-sim/simulator.py -> /root/ros2_ws/install/self-driving-sim/lib/python3.12/site-packages/self-driving-sim
[1.948s] byte-compiling /root/ros2_ws/install/self-driving-sim/lib/python3.12/site-packages/self-driving-sim/__init__.py to __init__.cpython-312.pyc
[1.948s] byte-compiling /root/ros2_ws/install/self-driving-sim/lib/python3.12/site-packages/self-driving-sim/dynamics.py to dynamics.cpython-312.pyc
[1.961s] byte-compiling /root/ros2_ws/install/self-driving-sim/lib/python3.12/site-packages/self-driving-sim/config.py to config.cpython-312.pyc
[1.963s] byte-compiling /root/ros2_ws/install/self-driving-sim/lib/python3.12/site-packages/self-driving-sim/simulator.py to simulator.cpython-312.pyc
[1.967s] running install_data
[1.967s] creating /root/ros2_ws/install/self-driving-sim/share/ament_index/resource_index/packages
[1.968s] copying resource/self-driving-sim -> /root/ros2_ws/install/self-driving-sim/share/ament_index/resource_index/packages
[1.968s] copying package.xml -> /root/ros2_ws/install/self-driving-sim/share/self-driving-sim
[1.968s] running install_egg_info
[2.009s] Copying ../../build/self-driving-sim/self_driving_sim.egg-info to /root/ros2_ws/install/self-driving-sim/lib/python3.12/site-packages/self_driving_sim-0.0.0-py3.12.egg-info
[2.011s] running install_scripts
[2.209s] writing list of installed files to '/root/ros2_ws/build/self-driving-sim/install.log'
[2.292s] Invoked command in '/root/ros2_ws/src/self-driving-sim' returned '0': PYTHONPATH=/root/ros2_ws/build/self-driving-sim/prefix_override:/usr/lib/python3/dist-packages/colcon_core/task/python/colcon_distutils_commands:/root/ros2_ws/install/self-driving-sim/lib/python3.12/site-packages:${PYTHONPATH} /usr/bin/python3 -W ignore:setup.py install is deprecated -W ignore:easy_install command is deprecated setup.py egg_info --egg-base ../../build/self-driving-sim build --build-base /root/ros2_ws/build/self-driving-sim/build install --record /root/ros2_ws/build/self-driving-sim/install.log --single-version-externally-managed install_data
